[debug] [2025-06-18T04:43:45.178Z] ----------------------------------------------------------------------
[debug] [2025-06-18T04:43:45.184Z] Command:       C:\Program Files\nodejs\node.exe C:\Users\Priyamvatha K\AppData\Roaming\npm\node_modules\firebase-tools\lib\bin\firebase.js deploy
[debug] [2025-06-18T04:43:45.185Z] CLI Version:   14.7.0
[debug] [2025-06-18T04:43:45.185Z] Platform:      win32
[debug] [2025-06-18T04:43:45.185Z] Node Version:  v20.18.0
[debug] [2025-06-18T04:43:45.185Z] Time:          Wed Jun 18 2025 10:13:45 GMT+0530 (India Standard Time)
[debug] [2025-06-18T04:43:45.185Z] ----------------------------------------------------------------------
[debug] 
[debug] [2025-06-18T04:43:45.487Z] > command requires scopes: ["email","openid","https://www.googleapis.com/auth/cloudplatformprojects.readonly","https://www.googleapis.com/auth/firebase","https://www.googleapis.com/auth/cloud-platform"]
[debug] [2025-06-18T04:43:45.488Z] > authorizing via signed-in user (priyam.32140@gmail.com)
[debug] [2025-06-18T04:43:45.488Z] [iam] checking project cloud-priya for permissions ["datastore.indexes.create","datastore.indexes.delete","datastore.indexes.list","datastore.indexes.update","firebase.projects.get","firebasehosting.sites.update"]
[debug] [2025-06-18T04:43:45.489Z] Checked if tokens are valid: true, expires at: 1750222837414
[debug] [2025-06-18T04:43:45.490Z] Checked if tokens are valid: true, expires at: 1750222837414
[debug] [2025-06-18T04:43:45.491Z] >>> [apiv2][query] POST https://cloudresourcemanager.googleapis.com/v1/projects/cloud-priya:testIamPermissions [none]
[debug] [2025-06-18T04:43:45.491Z] >>> [apiv2][(partial)header] POST https://cloudresourcemanager.googleapis.com/v1/projects/cloud-priya:testIamPermissions x-goog-quota-user=projects/cloud-priya
[debug] [2025-06-18T04:43:45.492Z] >>> [apiv2][body] POST https://cloudresourcemanager.googleapis.com/v1/projects/cloud-priya:testIamPermissions {"permissions":["datastore.indexes.create","datastore.indexes.delete","datastore.indexes.list","datastore.indexes.update","firebase.projects.get","firebasehosting.sites.update"]}
[debug] [2025-06-18T04:44:59.907Z] ----------------------------------------------------------------------
[debug] [2025-06-18T04:44:59.913Z] Command:       C:\Program Files\nodejs\node.exe C:\Users\Priyamvatha K\AppData\Roaming\npm\node_modules\firebase-tools\lib\bin\firebase.js deploy
[debug] [2025-06-18T04:44:59.914Z] CLI Version:   14.7.0
[debug] [2025-06-18T04:44:59.914Z] Platform:      win32
[debug] [2025-06-18T04:44:59.915Z] Node Version:  v20.18.0
[debug] [2025-06-18T04:44:59.915Z] Time:          Wed Jun 18 2025 10:14:59 GMT+0530 (India Standard Time)
[debug] [2025-06-18T04:44:59.915Z] ----------------------------------------------------------------------
[debug] 
[debug] [2025-06-18T04:45:00.274Z] > command requires scopes: ["email","openid","https://www.googleapis.com/auth/cloudplatformprojects.readonly","https://www.googleapis.com/auth/firebase","https://www.googleapis.com/auth/cloud-platform"]
[debug] [2025-06-18T04:45:00.274Z] > authorizing via signed-in user (priyam.32140@gmail.com)
[debug] [2025-06-18T04:45:00.274Z] [iam] checking project cloud-priya for permissions ["datastore.indexes.create","datastore.indexes.delete","datastore.indexes.list","datastore.indexes.update","firebase.projects.get","firebasehosting.sites.update"]
[debug] [2025-06-18T04:45:00.276Z] Checked if tokens are valid: true, expires at: 1750222837414
[debug] [2025-06-18T04:45:00.276Z] Checked if tokens are valid: true, expires at: 1750222837414
[debug] [2025-06-18T04:45:00.278Z] >>> [apiv2][query] POST https://cloudresourcemanager.googleapis.com/v1/projects/cloud-priya:testIamPermissions [none]
[debug] [2025-06-18T04:45:00.278Z] >>> [apiv2][(partial)header] POST https://cloudresourcemanager.googleapis.com/v1/projects/cloud-priya:testIamPermissions x-goog-quota-user=projects/cloud-priya
[debug] [2025-06-18T04:45:00.278Z] >>> [apiv2][body] POST https://cloudresourcemanager.googleapis.com/v1/projects/cloud-priya:testIamPermissions {"permissions":["datastore.indexes.create","datastore.indexes.delete","datastore.indexes.list","datastore.indexes.update","firebase.projects.get","firebasehosting.sites.update"]}
[debug] [2025-06-18T04:45:05.392Z] ----------------------------------------------------------------------
[debug] [2025-06-18T04:45:05.396Z] Command:       C:\Program Files\nodejs\node.exe C:\Users\Priyamvatha K\AppData\Roaming\npm\node_modules\firebase-tools\lib\bin\firebase.js init
[debug] [2025-06-18T04:45:05.397Z] CLI Version:   14.7.0
[debug] [2025-06-18T04:45:05.397Z] Platform:      win32
[debug] [2025-06-18T04:45:05.398Z] Node Version:  v20.18.0
[debug] [2025-06-18T04:45:05.398Z] Time:          Wed Jun 18 2025 10:15:05 GMT+0530 (India Standard Time)
[debug] [2025-06-18T04:45:05.398Z] ----------------------------------------------------------------------
[debug] 
[debug] [2025-06-18T04:45:05.701Z] > command requires scopes: ["email","openid","https://www.googleapis.com/auth/cloudplatformprojects.readonly","https://www.googleapis.com/auth/firebase","https://www.googleapis.com/auth/cloud-platform"]
[debug] [2025-06-18T04:45:05.701Z] > authorizing via signed-in user (priyam.32140@gmail.com)
[info] 
     ######## #### ########  ######## ########     ###     ######  ########
     ##        ##  ##     ## ##       ##     ##  ##   ##  ##       ##
     ######    ##  ########  ######   ########  #########  ######  ######
     ##        ##  ##    ##  ##       ##     ## ##     ##       ## ##
     ##       #### ##     ## ######## ########  ##     ##  ######  ########

You're about to initialize a Firebase project in this directory:

  C:\Users\Priyamvatha K\Desktop\CLOUD

Before we get started, keep in mind:

  * You are initializing within an existing Firebase project directory

[info] 
=== Project Setup
[info] 
[info] First, let's associate this project directory with a Firebase project.
[info] You can create multiple project aliases by running firebase use --add, 
[info] but for now we'll just set up a default project.
[info] 
[debug] [2025-06-18T04:45:21.796Z] Using project from CLI flag: cloud-priya
[debug] [2025-06-18T04:45:21.798Z] Checked if tokens are valid: true, expires at: 1750222837414
[debug] [2025-06-18T04:45:21.799Z] Checked if tokens are valid: true, expires at: 1750222837414
[debug] [2025-06-18T04:45:21.801Z] >>> [apiv2][query] GET https://firebase.googleapis.com/v1beta1/projects/cloud-priya [none]
[debug] [2025-06-18T04:45:33.921Z] *** [apiv2] error from fetch(https://firebase.googleapis.com/v1beta1/projects/cloud-priya, {"headers":{},"method":"GET","signal":{}}): FetchError: request to https://firebase.googleapis.com/v1beta1/projects/cloud-priya failed, reason: getaddrinfo ENOTFOUND firebase.googleapis.com
[debug] [2025-06-18T04:45:33.923Z] Failed to make request to https://firebase.googleapis.com/v1beta1/projects/cloud-priya (original: request to https://firebase.googleapis.com/v1beta1/projects/cloud-priya failed, reason: getaddrinfo ENOTFOUND firebase.googleapis.com)
[debug] [2025-06-18T04:45:35.431Z] FirebaseError: Failed to make request to https://firebase.googleapis.com/v1beta1/projects/cloud-priya
    at RetryOperation._fn (C:\Users\Priyamvatha K\AppData\Roaming\npm\node_modules\firebase-tools\lib\apiv2.js:261:31)
    at process.processTicksAndRejections (node:internal/process/task_queues:95:5)
[error] 
[error] Error: Failed to get Firebase project cloud-priya. Please make sure the project exists and your account has permission to access it.
